<?xml version="1.0" encoding="UTF-8"?>
<testsuite name="Firefox_1501_Windows.Testing search.js Test resetTabsForStructureSearches()" errors="0" failures="0" tests="1" time="0.0010">
<testcase classname="Firefox_1501_Windows.Testing search.js Test resetTabsForStructureSearches()" name="should call the activateTabs() once and deActivateTabs() twice" time="0.0010"/>
</testsuite>
