<?xml version="1.0" encoding="UTF-8"?>
<testsuite name="Firefox_1501_Windows.Testing search.js test findTheAppropriateControllerActionFromFacetType()" errors="0" failures="0" tests="12" time="0.0010">
<testcase classname="Firefox_1501_Windows.Testing search.js test findTheAppropriateControllerActionFromFacetType()" name="Should handle Empty Search Type" time="0.0"/>
<testcase classname="Firefox_1501_Windows.Testing search.js test findTheAppropriateControllerActionFromFacetType()" name="Should handle Empty Form Type" time="0.0"/>
<testcase classname="Firefox_1501_Windows.Testing search.js test findTheAppropriateControllerActionFromFacetType()" name="Should handle Free Text and AssayFacetForm type" time="0.0"/>
<testcase classname="Firefox_1501_Windows.Testing search.js test findTheAppropriateControllerActionFromFacetType()" name="Should handle Free Text and ProjectFacetForm type" time="0.0"/>
<testcase classname="Firefox_1501_Windows.Testing search.js test findTheAppropriateControllerActionFromFacetType()" name="Should handle Free Text and CompoundFacetForm type" time="0.0"/>
<testcase classname="Firefox_1501_Windows.Testing search.js test findTheAppropriateControllerActionFromFacetType()" name="Should handle ID and AssayFacetForm type" time="0.0"/>
<testcase classname="Firefox_1501_Windows.Testing search.js test findTheAppropriateControllerActionFromFacetType()" name="Should handle ID and ProjectFacetForm type" time="0.0"/>
<testcase classname="Firefox_1501_Windows.Testing search.js test findTheAppropriateControllerActionFromFacetType()" name="Should handle ID and CompoundFacetForm type" time="0.0"/>
<testcase classname="Firefox_1501_Windows.Testing search.js test findTheAppropriateControllerActionFromFacetType()" name="Should handle STRUCTURE and AssayFacetForm type" time="0.0010"/>
<testcase classname="Firefox_1501_Windows.Testing search.js test findTheAppropriateControllerActionFromFacetType()" name="Should handle STRUCTURE and ProjectFacetForm type" time="0.0"/>
<testcase classname="Firefox_1501_Windows.Testing search.js test findTheAppropriateControllerActionFromFacetType()" name="Should handle STRUCTURE and CompoundFacetForm type" time="0.0"/>
<testcase classname="Firefox_1501_Windows.Testing search.js test findTheAppropriateControllerActionFromFacetType()" name="Should handle Any Other String and facet type" time="0.0"/>
</testsuite>
