<?xml version="1.0" encoding="UTF-8"?>
<testsuite name="Firefox_1501_Windows.Testing search.js Test handleAllFreeTextSearches()" errors="0" failures="0" tests="1" time="0.0010">
<testcase classname="Firefox_1501_Windows.Testing search.js Test handleAllFreeTextSearches()" name="should call the handleSearch function 3 times" time="0.0010"/>
</testsuite>
